aio-pika==9.3.0
aiormq==6.7.7
cachetools==5.3.1
certifi==2023.7.22
cffi==1.16.0
charset-normalizer==3.3.1
cryptography==41.0.5
dnspython==2.4.2
idna==3.4
ldap3==2.9.1
motor==3.3.1
multidict==6.0.4
pamqp==3.2.1
pyasn1==0.5.0
pycparser==2.21
PyJWT==2.8.0
pymongo==4.5.0
pypng==0.20220715.0
qrcode==7.4.2
requests==2.31.0
requests-futures==1.0.1
tornado==6.3.3
typing_extensions==4.8.0
Unidecode==1.3.7
urllib3==2.0.7
-e /app
wipac-dev-tools==1.7.0
wipac-keycloak-rest-services==1.4.45
wipac-rest-tools==1.6.0
yarl==1.9.2
